<?xml version="1.0" encoding="UTF-8"?>
<!-- Generated by org.testng.reporters.JUnitReportReporter -->
<testsuite skipped="0" hostname="DESKTOP-SI825J4" name="testNG_Test.Test_3" tests="1" failures="0" timestamp="2021-10-18T22:40:16 CDT" time="2.714" errors="0">
  <testcase name="dropDown" time="2.714" classname="testNG_Test.Test_3"/>
  <system-out/>
</testsuite> <!-- testNG_Test.Test_3 -->
