<?xml version="1.0" encoding="UTF-8"?>
<!-- Generated by org.testng.reporters.JUnitReportReporter -->
<testsuite skipped="0" hostname="DESKTOP-SI825J4" name="testNG_Test.Test_1" tests="1" failures="0" timestamp="2021-10-18T21:41:59 CDT" time="3.511" errors="0">
  <testcase name="addCategory" time="3.511" classname="testNG_Test.Test_1"/>
  <system-out/>
</testsuite> <!-- testNG_Test.Test_1 -->
