<?xml version="1.0" encoding="UTF-8"?>
<!-- Generated by org.testng.reporters.JUnitReportReporter -->
<testsuite skipped="0" hostname="DESKTOP-SI825J4" name="testNG_Test.Test_2" tests="1" failures="0" timestamp="2021-10-19T19:09:21 CDT" time="3.867" errors="0">
  <testcase name="addNoDuplicateCategory" time="3.867" classname="testNG_Test.Test_2"/>
  <system-out/>
</testsuite> <!-- testNG_Test.Test_2 -->
